gyp info it worked if it ends with ok
gyp info using node-gyp@7.1.2
gyp info using node@12.21.0 | linux | x64
gyp info find Python using Python version 3.9.2 found at "/usr/bin/python3"
gyp info spawn /usr/bin/python3
gyp info spawn args [
gyp info spawn args   '/usr/share/nodejs/node-gyp/gyp/gyp_main.py',
gyp info spawn args   'binding.gyp',
gyp info spawn args   '-f',
gyp info spawn args   'make',
gyp info spawn args   '-I',
gyp info spawn args   '/home/mehalanis/Téléchargements/testLogin/node_modules/ursa-optional/build/config.gypi',
gyp info spawn args   '-I',
gyp info spawn args   '/usr/share/nodejs/node-gyp/addon.gypi',
gyp info spawn args   '-I',
gyp info spawn args   '/usr/include/nodejs/common.gypi',
gyp info spawn args   '-Dlibrary=shared_library',
gyp info spawn args   '-Dvisibility=default',
gyp info spawn args   '-Dnode_root_dir=/usr/include/nodejs',
gyp info spawn args   '-Dnode_gyp_dir=/usr/share/nodejs/node-gyp',
gyp info spawn args   '-Dnode_lib_file=/usr/include/nodejs/<(target_arch)/node.lib',
gyp info spawn args   '-Dmodule_root_dir=/home/mehalanis/Téléchargements/testLogin/node_modules/ursa-optional',
gyp info spawn args   '-Dnode_engine=v8',
gyp info spawn args   '--depth=.',
gyp info spawn args   '--no-parallel',
gyp info spawn args   '--generator-output',
gyp info spawn args   'build',
gyp info spawn args   '-Goutput_dir=.'
gyp info spawn args ]
gyp info spawn make
gyp info spawn args [ 'BUILDTYPE=Release', '-C', 'build' ]
In file included from ../src/ursaNative.h:9,
                 from ../src/ursaNative.cc:3:
/usr/include/nodejs/src/node.h:737:7: warning: cast between incompatible function types from ‘void (*)(v8::Local<v8::Object>)’ to ‘node::addon_register_func’ {aka ‘void (*)(v8::Local<v8::Object>, v8::Local<v8::Value>, void*)’} [-Wcast-function-type]
  737 |       (node::addon_register_func) (regfunc),                          \
      |       ^~~~~~~~~~~~~~~~~~~~~~~~~~~~~~~~~~~~~
/usr/include/nodejs/src/node.h:771:3: note: in expansion of macro ‘NODE_MODULE_X’
  771 |   NODE_MODULE_X(modname, regfunc, NULL, 0)  // NOLINT (readability/null_usage)
      |   ^~~~~~~~~~~~~
../src/ursaNative.cc:389:1: note: in expansion of macro ‘NODE_MODULE’
  389 | NODE_MODULE(ursaNative, init)
      | ^~~~~~~~~~~
../src/ursaNative.cc: In function ‘char* copyBufferToUtf8String(v8::Local<v8::String>)’:
../src/ursaNative.cc:543:32: error: no matching function for call to ‘v8::String::Utf8Length()’
  543 |   int length = str->Utf8Length();
      |                                ^
In file included from /usr/include/nodejs/src/node.h:67,
                 from ../src/ursaNative.h:9,
                 from ../src/ursaNative.cc:3:
/usr/include/nodejs/deps/v8/include/v8.h:2818:7: note: candidate: ‘int v8::String::Utf8Length(v8::Isolate*) const’
 2818 |   int Utf8Length(Isolate* isolate) const;
      |       ^~~~~~~~~~
/usr/include/nodejs/deps/v8/include/v8.h:2818:7: note:   candidate expects 1 argument, 0 provided
../src/ursaNative.cc:553:18: error: cannot convert ‘char*’ to ‘v8::Isolate*’
  553 |   str->WriteUtf8(result, length + 1);
      |                  ^~~~~~
      |                  |
      |                  char*
In file included from /usr/include/nodejs/src/node.h:67,
                 from ../src/ursaNative.h:9,
                 from ../src/ursaNative.cc:3:
/usr/include/nodejs/deps/v8/include/v8.h:2878:26: note:   initializing argument 1 of ‘int v8::String::WriteUtf8(v8::Isolate*, char*, int, int*, int) const’
 2878 |   int WriteUtf8(Isolate* isolate, char* buffer, int length = -1,
      |                 ~~~~~~~~~^~~~~~~
../src/ursaNative.cc: In static member function ‘static void RsaWrap::InitClass(v8::Local<v8::Object>)’:
../src/ursaNative.cc:690:68: error: no matching function for call to ‘v8::FunctionTemplate::GetFunction()’
  690 |   target->Set(NanNew("RsaWrap").ToLocalChecked(), tpl->GetFunction());
      |                                                                    ^
In file included from /usr/include/nodejs/src/node.h:67,
                 from ../src/ursaNative.h:9,
                 from ../src/ursaNative.cc:3:
/usr/include/nodejs/deps/v8/include/v8.h:6126:46: note: candidate: ‘v8::MaybeLocal<v8::Function> v8::FunctionTemplate::GetFunction(v8::Local<v8::Context>)’
 6126 |   V8_WARN_UNUSED_RESULT MaybeLocal<Function> GetFunction(
      |                                              ^~~~~~~~~~~
/usr/include/nodejs/deps/v8/include/v8.h:6126:46: note:   candidate expects 1 argument, 0 provided
../src/ursaNative.cc:691:38: error: no matching function for call to ‘v8::FunctionTemplate::GetFunction()’
  691 |   constructor.Reset(tpl->GetFunction());
      |                                      ^
In file included from /usr/include/nodejs/src/node.h:67,
                 from ../src/ursaNative.h:9,
                 from ../src/ursaNative.cc:3:
/usr/include/nodejs/deps/v8/include/v8.h:6126:46: note: candidate: ‘v8::MaybeLocal<v8::Function> v8::FunctionTemplate::GetFunction(v8::Local<v8::Context>)’
 6126 |   V8_WARN_UNUSED_RESULT MaybeLocal<Function> GetFunction(
      |                                              ^~~~~~~~~~~
/usr/include/nodejs/deps/v8/include/v8.h:6126:46: note:   candidate expects 1 argument, 0 provided
../src/ursaNative.cc:693:104: error: no matching function for call to ‘v8::FunctionTemplate::GetFunction()’
  693 |   target->Set(NanNew("textToNid").ToLocalChecked(), Nan::New<FunctionTemplate>(TextToNid)->GetFunction());
      |                                                                                                        ^
In file included from /usr/include/nodejs/src/node.h:67,
                 from ../src/ursaNative.h:9,
                 from ../src/ursaNative.cc:3:
/usr/include/nodejs/deps/v8/include/v8.h:6126:46: note: candidate: ‘v8::MaybeLocal<v8::Function> v8::FunctionTemplate::GetFunction(v8::Local<v8::Context>)’
 6126 |   V8_WARN_UNUSED_RESULT MaybeLocal<Function> GetFunction(
      |                                              ^~~~~~~~~~~
/usr/include/nodejs/deps/v8/include/v8.h:6126:46: note:   candidate expects 1 argument, 0 provided
../src/ursaNative.cc: In static member function ‘static Nan::NAN_METHOD_RETURN_TYPE RsaWrap::GeneratePrivateKey(Nan::NAN_METHOD_ARGS_TYPE)’:
../src/ursaNative.cc:866:42: error: no matching function for call to ‘v8::Value::Uint32Value()’
  866 |   int modulusBits = args[0]->Uint32Value();
      |                                          ^
In file included from /usr/include/nodejs/src/node.h:67,
                 from ../src/ursaNative.h:9,
                 from ../src/ursaNative.cc:3:
/usr/include/nodejs/deps/v8/include/v8.h:2707:41: note: candidate: ‘v8::Maybe<unsigned int> v8::Value::Uint32Value(v8::Local<v8::Context>) const’
 2707 |   V8_WARN_UNUSED_RESULT Maybe<uint32_t> Uint32Value(
      |                                         ^~~~~~~~~~~
/usr/include/nodejs/deps/v8/include/v8.h:2707:41: note:   candidate expects 1 argument, 0 provided
../src/ursaNative.cc:867:39: error: no matching function for call to ‘v8::Value::Uint32Value()’
  867 |   int exponent = args[1]->Uint32Value();
      |                                       ^
In file included from /usr/include/nodejs/src/node.h:67,
                 from ../src/ursaNative.h:9,
                 from ../src/ursaNative.cc:3:
/usr/include/nodejs/deps/v8/include/v8.h:2707:41: note: candidate: ‘v8::Maybe<unsigned int> v8::Value::Uint32Value(v8::Local<v8::Context>) const’
 2707 |   V8_WARN_UNUSED_RESULT Maybe<uint32_t> Uint32Value(
      |                                         ^~~~~~~~~~~
/usr/include/nodejs/deps/v8/include/v8.h:2707:41: note:   candidate expects 1 argument, 0 provided
../src/ursaNative.cc: In static member function ‘static Nan::NAN_METHOD_RETURN_TYPE RsaWrap::PrivateDecrypt(Nan::NAN_METHOD_ARGS_TYPE)’:
../src/ursaNative.cc:1103:38: error: no matching function for call to ‘v8::Value::Uint32Value()’
 1103 |   int padding = args[1]->Uint32Value();
      |                                      ^
In file included from /usr/include/nodejs/src/node.h:67,
                 from ../src/ursaNative.h:9,
                 from ../src/ursaNative.cc:3:
/usr/include/nodejs/deps/v8/include/v8.h:2707:41: note: candidate: ‘v8::Maybe<unsigned int> v8::Value::Uint32Value(v8::Local<v8::Context>) const’
 2707 |   V8_WARN_UNUSED_RESULT Maybe<uint32_t> Uint32Value(
      |                                         ^~~~~~~~~~~
/usr/include/nodejs/deps/v8/include/v8.h:2707:41: note:   candidate expects 1 argument, 0 provided
../src/ursaNative.cc: In static member function ‘static Nan::NAN_METHOD_RETURN_TYPE RsaWrap::PrivateEncrypt(Nan::NAN_METHOD_ARGS_TYPE)’:
../src/ursaNative.cc:1161:38: error: no matching function for call to ‘v8::Value::Uint32Value()’
 1161 |   int padding = args[1]->Uint32Value();
      |                                      ^
In file included from /usr/include/nodejs/src/node.h:67,
                 from ../src/ursaNative.h:9,
                 from ../src/ursaNative.cc:3:
/usr/include/nodejs/deps/v8/include/v8.h:2707:41: note: candidate: ‘v8::Maybe<unsigned int> v8::Value::Uint32Value(v8::Local<v8::Context>) const’
 2707 |   V8_WARN_UNUSED_RESULT Maybe<uint32_t> Uint32Value(
      |                                         ^~~~~~~~~~~
/usr/include/nodejs/deps/v8/include/v8.h:2707:41: note:   candidate expects 1 argument, 0 provided
../src/ursaNative.cc: In static member function ‘static Nan::NAN_METHOD_RETURN_TYPE RsaWrap::PublicDecrypt(Nan::NAN_METHOD_ARGS_TYPE)’:
../src/ursaNative.cc:1218:38: error: no matching function for call to ‘v8::Value::Uint32Value()’
 1218 |   int padding = args[1]->Uint32Value();
      |                                      ^
In file included from /usr/include/nodejs/src/node.h:67,
                 from ../src/ursaNative.h:9,
                 from ../src/ursaNative.cc:3:
/usr/include/nodejs/deps/v8/include/v8.h:2707:41: note: candidate: ‘v8::Maybe<unsigned int> v8::Value::Uint32Value(v8::Local<v8::Context>) const’
 2707 |   V8_WARN_UNUSED_RESULT Maybe<uint32_t> Uint32Value(
      |                                         ^~~~~~~~~~~
/usr/include/nodejs/deps/v8/include/v8.h:2707:41: note:   candidate expects 1 argument, 0 provided
../src/ursaNative.cc: In static member function ‘static Nan::NAN_METHOD_RETURN_TYPE RsaWrap::PublicEncrypt(Nan::NAN_METHOD_ARGS_TYPE)’:
../src/ursaNative.cc:1272:38: error: no matching function for call to ‘v8::Value::Uint32Value()’
 1272 |   int padding = args[1]->Uint32Value();
      |                                      ^
In file included from /usr/include/nodejs/src/node.h:67,
                 from ../src/ursaNative.h:9,
                 from ../src/ursaNative.cc:3:
/usr/include/nodejs/deps/v8/include/v8.h:2707:41: note: candidate: ‘v8::Maybe<unsigned int> v8::Value::Uint32Value(v8::Local<v8::Context>) const’
 2707 |   V8_WARN_UNUSED_RESULT Maybe<uint32_t> Uint32Value(
      |                                         ^~~~~~~~~~~
/usr/include/nodejs/deps/v8/include/v8.h:2707:41: note:   candidate expects 1 argument, 0 provided
../src/ursaNative.cc: In static member function ‘static Nan::NAN_METHOD_RETURN_TYPE RsaWrap::Sign(Nan::NAN_METHOD_ARGS_TYPE)’:
../src/ursaNative.cc:1411:34: error: no matching function for call to ‘v8::Value::Uint32Value()’
 1411 |   int nid = args[0]->Uint32Value();
      |                                  ^
In file included from /usr/include/nodejs/src/node.h:67,
                 from ../src/ursaNative.h:9,
                 from ../src/ursaNative.cc:3:
/usr/include/nodejs/deps/v8/include/v8.h:2707:41: note: candidate: ‘v8::Maybe<unsigned int> v8::Value::Uint32Value(v8::Local<v8::Context>) const’
 2707 |   V8_WARN_UNUSED_RESULT Maybe<uint32_t> Uint32Value(
      |                                         ^~~~~~~~~~~
/usr/include/nodejs/deps/v8/include/v8.h:2707:41: note:   candidate expects 1 argument, 0 provided
../src/ursaNative.cc: In static member function ‘static Nan::NAN_METHOD_RETURN_TYPE RsaWrap::Verify(Nan::NAN_METHOD_ARGS_TYPE)’:
../src/ursaNative.cc:1477:34: error: no matching function for call to ‘v8::Value::Uint32Value()’
 1477 |   int nid = args[0]->Uint32Value();
      |                                  ^
In file included from /usr/include/nodejs/src/node.h:67,
                 from ../src/ursaNative.h:9,
                 from ../src/ursaNative.cc:3:
/usr/include/nodejs/deps/v8/include/v8.h:2707:41: note: candidate: ‘v8::Maybe<unsigned int> v8::Value::Uint32Value(v8::Local<v8::Context>) const’
 2707 |   V8_WARN_UNUSED_RESULT Maybe<uint32_t> Uint32Value(
      |                                         ^~~~~~~~~~~
/usr/include/nodejs/deps/v8/include/v8.h:2707:41: note:   candidate expects 1 argument, 0 provided
../src/ursaNative.cc: In static member function ‘static Nan::NAN_METHOD_RETURN_TYPE RsaWrap::AddPSSPadding(Nan::NAN_METHOD_ARGS_TYPE)’:
../src/ursaNative.cc:1554:34: error: no matching function for call to ‘v8::Value::Uint32Value()’
 1554 |   int nid = args[0]->Uint32Value();
      |                                  ^
In file included from /usr/include/nodejs/src/node.h:67,
                 from ../src/ursaNative.h:9,
                 from ../src/ursaNative.cc:3:
/usr/include/nodejs/deps/v8/include/v8.h:2707:41: note: candidate: ‘v8::Maybe<unsigned int> v8::Value::Uint32Value(v8::Local<v8::Context>) const’
 2707 |   V8_WARN_UNUSED_RESULT Maybe<uint32_t> Uint32Value(
      |                                         ^~~~~~~~~~~
/usr/include/nodejs/deps/v8/include/v8.h:2707:41: note:   candidate expects 1 argument, 0 provided
../src/ursaNative.cc:1584:35: error: no matching function for call to ‘v8::Value::Uint32Value()’
 1584 |   int sLen = args[2]->Uint32Value();
      |                                   ^
In file included from /usr/include/nodejs/src/node.h:67,
                 from ../src/ursaNative.h:9,
                 from ../src/ursaNative.cc:3:
/usr/include/nodejs/deps/v8/include/v8.h:2707:41: note: candidate: ‘v8::Maybe<unsigned int> v8::Value::Uint32Value(v8::Local<v8::Context>) const’
 2707 |   V8_WARN_UNUSED_RESULT Maybe<uint32_t> Uint32Value(
      |                                         ^~~~~~~~~~~
/usr/include/nodejs/deps/v8/include/v8.h:2707:41: note:   candidate expects 1 argument, 0 provided
../src/ursaNative.cc: In static member function ‘static Nan::NAN_METHOD_RETURN_TYPE RsaWrap::VerifyPSSPadding(Nan::NAN_METHOD_ARGS_TYPE)’:
../src/ursaNative.cc:1627:34: error: no matching function for call to ‘v8::Value::Uint32Value()’
 1627 |   int nid = args[0]->Uint32Value();
      |                                  ^
In file included from /usr/include/nodejs/src/node.h:67,
                 from ../src/ursaNative.h:9,
                 from ../src/ursaNative.cc:3:
/usr/include/nodejs/deps/v8/include/v8.h:2707:41: note: candidate: ‘v8::Maybe<unsigned int> v8::Value::Uint32Value(v8::Local<v8::Context>) const’
 2707 |   V8_WARN_UNUSED_RESULT Maybe<uint32_t> Uint32Value(
      |                                         ^~~~~~~~~~~
/usr/include/nodejs/deps/v8/include/v8.h:2707:41: note:   candidate expects 1 argument, 0 provided
../src/ursaNative.cc:1674:35: error: no matching function for call to ‘v8::Value::Uint32Value()’
 1674 |   int sLen = args[3]->Uint32Value();
      |                                   ^
In file included from /usr/include/nodejs/src/node.h:67,
                 from ../src/ursaNative.h:9,
                 from ../src/ursaNative.cc:3:
/usr/include/nodejs/deps/v8/include/v8.h:2707:41: note: candidate: ‘v8::Maybe<unsigned int> v8::Value::Uint32Value(v8::Local<v8::Context>) const’
 2707 |   V8_WARN_UNUSED_RESULT Maybe<uint32_t> Uint32Value(
      |                                         ^~~~~~~~~~~
/usr/include/nodejs/deps/v8/include/v8.h:2707:41: note:   candidate expects 1 argument, 0 provided
make: *** [ursaNative.target.mk:109 : Release/obj.target/ursaNative/src/ursaNative.o] Erreur 1
gyp ERR! build error 
gyp ERR! stack Error: `make` failed with exit code: 2
gyp ERR! stack     at ChildProcess.onExit (/usr/share/nodejs/node-gyp/lib/build.js:194:23)
gyp ERR! stack     at ChildProcess.emit (events.js:314:20)
gyp ERR! stack     at Process.ChildProcess._handle.onexit (internal/child_process.js:276:12)
gyp ERR! System Linux 5.10.0-kali8-amd64
gyp ERR! command "/usr/bin/node" "/usr/share/nodejs/node-gyp/bin/node-gyp.js" "rebuild"
gyp ERR! cwd /home/mehalanis/Téléchargements/testLogin/node_modules/ursa-optional
gyp ERR! node -v v12.21.0
gyp ERR! node-gyp -v v7.1.2
gyp ERR! not ok 
npm ERR! code 1
npm ERR! path /home/mehalanis/Téléchargements/testLogin/node_modules/ursa-optional
npm ERR! command failed
npm ERR! command sh -c node-gyp rebuild

npm ERR! A complete log of this run can be found in:
npm ERR!     /home/mehalanis/.npm/_logs/2021-06-05T16_10_46_986Z-debug.log
